<?xml version="1.0" encoding="UTF-8"?>
<testng-results ignored="0" total="3" passed="3" failed="0" skipped="0">
  <reporter-output>
    <line>
      <![CDATA[chats,true]]>
    </line>
    <line>
      <![CDATA[calls,true]]>
    </line>
    <line>
      <![CDATA[setting,true]]>
    </line>
  </reporter-output>
  <suite started-at="2022-12-20T21:57:10 IST" name="Default suite" finished-at="2022-12-20T21:57:10 IST" duration-ms="149">
    <groups>
    </groups>
    <test started-at="2022-12-20T21:57:10 IST" name="Default test" finished-at="2022-12-20T21:57:10 IST" duration-ms="149">
      <class name="Testng.Test2">
        <test-method signature="chats()[pri:-1, instance:Testng.Test2@7c0c77c7]" started-at="2022-12-20T21:57:10 IST" name="chats" finished-at="2022-12-20T21:57:10 IST" duration-ms="42" status="PASS">
          <reporter-output>
            <line>
              <![CDATA[chats,true]]>
            </line>
          </reporter-output>
        </test-method> <!-- chats -->
        <test-method signature="calls()[pri:0, instance:Testng.Test2@7c0c77c7]" started-at="2022-12-20T21:57:10 IST" name="calls" finished-at="2022-12-20T21:57:10 IST" duration-ms="3" status="PASS">
          <reporter-output>
            <line>
              <![CDATA[calls,true]]>
            </line>
          </reporter-output>
        </test-method> <!-- calls -->
        <test-method signature="setting()[pri:1, instance:Testng.Test2@7c0c77c7]" started-at="2022-12-20T21:57:10 IST" name="setting" finished-at="2022-12-20T21:57:10 IST" duration-ms="2" status="PASS">
          <reporter-output>
            <line>
              <![CDATA[setting,true]]>
            </line>
          </reporter-output>
        </test-method> <!-- setting -->
      </class> <!-- Testng.Test2 -->
    </test> <!-- Default test -->
  </suite> <!-- Default suite -->
</testng-results>
